leo-twa/app/build/intermediates/manifest_merge_blame_file/debug/manifest-merger-blame-debug-report.txt
1<?xml version="1.0" encoding="utf-8"?>
2<manifest xmlns:android="http://schemas.android.com/apk/res/android"
3    package="com.leo.player"
4    android:versionCode="1"
5    android:versionName="1.0" >
6
7    <uses-sdk
8        android:minSdkVersion="21"
9        android:targetSdkVersion="33" />
10
11    <queries>
11-->[com.google.androidbrowserhelper:androidbrowserhelper:2.4.0] AndroidManifest.xml:26:5-34:15
12        <intent>
12-->[com.google.androidbrowserhelper:androidbrowserhelper:2.4.0] AndroidManifest.xml:27:9-33:18
13            <action android:name="android.intent.action.VIEW" />
13-->[com.google.androidbrowserhelper:androidbrowserhelper:2.4.0] AndroidManifest.xml:28:13-65
13-->[com.google.androidbrowserhelper:androidbrowserhelper:2.4.0] AndroidManifest.xml:28:21-62
14
15            <category android:name="android.intent.category.BROWSABLE" />
15-->[com.google.androidbrowserhelper:androidbrowserhelper:2.4.0] AndroidManifest.xml:30:13-74
15-->[com.google.androidbrowserhelper:androidbrowserhelper:2.4.0] AndroidManifest.xml:30:23-71
16
17            <data android:scheme="https" />
17-->[com.google.androidbrowserhelper:androidbrowserhelper:2.4.0] AndroidManifest.xml:32:13-44
17-->[com.google.androidbrowserhelper:androidbrowserhelper:2.4.0] AndroidManifest.xml:32:19-41
18        </intent>
19    </queries>
20
21    <permission
21-->[androidx.core:core:1.9.0] AndroidManifest.xml:22:5-24:47
22        android:name="com.leo.player.DYNAMIC_RECEIVER_NOT_EXPORTED_PERMISSION"
22-->[androidx.core:core:1.9.0] AndroidManifest.xml:23:9-81
23        android:protectionLevel="signature" />
23-->[androidx.core:core:1.9.0] AndroidManifest.xml:24:9-44
24
25    <uses-permission android:name="com.leo.player.DYNAMIC_RECEIVER_NOT_EXPORTED_PERMISSION" />
25-->[androidx.core:core:1.9.0] AndroidManifest.xml:26:5-97
25-->[androidx.core:core:1.9.0] AndroidManifest.xml:26:22-94
26
27    <application
27-->src/main/AndroidManifest.xml:3:5-31:19
28        android:appComponentFactory="androidx.core.app.CoreComponentFactory"
28-->[androidx.core:core:1.9.0] AndroidManifest.xml:28:18-86
29        android:debuggable="true"
30        android:extractNativeLibs="true"
31        android:icon="@mipmap/ic_launcher"
31-->src/main/AndroidManifest.xml:5:9-43
32        android:label="Leo Media Player"
32-->src/main/AndroidManifest.xml:4:9-41
33        android:theme="@android:style/Theme.Material.Light.NoActionBar" >
33-->src/main/AndroidManifest.xml:6:9-72
34        <activity
34-->src/main/AndroidManifest.xml:8:9-17:20
35            android:name="androidx.appcompat.app.AppCompatActivity"
35-->src/main/AndroidManifest.xml:9:13-68
36            android:exported="true"
36-->src/main/AndroidManifest.xml:10:13-36
37            android:theme="@android:style/Theme.Material.Light.NoActionBar" >
37-->src/main/AndroidManifest.xml:11:13-76
38            <intent-filter>
38-->src/main/AndroidManifest.xml:13:13-16:29
39                <action android:name="android.intent.action.MAIN" />
39-->src/main/AndroidManifest.xml:14:17-69
39-->src/main/AndroidManifest.xml:14:25-66
40
41                <category android:name="android.intent.category.LAUNCHER" />
41-->src/main/AndroidManifest.xml:15:17-77
41-->src/main/AndroidManifest.xml:15:27-74
42            </intent-filter>
43        </activity>
44
45        <meta-data
45-->src/main/AndroidManifest.xml:19:9-21:65
46            android:name="android.support.customtabs.trusted.DEFAULT_URL"
46-->src/main/AndroidManifest.xml:20:13-74
47            android:value="https://leo-media-player.web.app/" />
47-->src/main/AndroidManifest.xml:21:13-62
48        <meta-data
48-->src/main/AndroidManifest.xml:23:9-25:42
49            android:name="android.support.customtabs.trusted.SPLASH_IMAGE_SCALE_TYPE"
49-->src/main/AndroidManifest.xml:24:13-86
50            android:value="FIT_CENTER" />
50-->src/main/AndroidManifest.xml:25:13-39
51        <meta-data
51-->src/main/AndroidManifest.xml:27:9-29:55
52            android:name="android.support.customtabs.trusted.SPLASH_SCREEN_BACKGROUND_COLOR"
52-->src/main/AndroidManifest.xml:28:13-93
53            android:resource="@android:color/white" />
53-->src/main/AndroidManifest.xml:29:13-52
54
55        <provider
55-->[androidx.emoji2:emoji2:1.2.0] AndroidManifest.xml:24:9-32:20
56            android:name="androidx.startup.InitializationProvider"
56-->[androidx.emoji2:emoji2:1.2.0] AndroidManifest.xml:25:13-67
57            android:authorities="com.leo.player.androidx-startup"
57-->[androidx.emoji2:emoji2:1.2.0] AndroidManifest.xml:26:13-68
58            android:exported="false" >
58-->[androidx.emoji2:emoji2:1.2.0] AndroidManifest.xml:27:13-37
59            <meta-data
59-->[androidx.emoji2:emoji2:1.2.0] AndroidManifest.xml:29:13-31:52
60                android:name="androidx.emoji2.text.EmojiCompatInitializer"
60-->[androidx.emoji2:emoji2:1.2.0] AndroidManifest.xml:30:17-75
61                android:value="androidx.startup" />
61-->[androidx.emoji2:emoji2:1.2.0] AndroidManifest.xml:31:17-49
62            <meta-data
62-->[androidx.lifecycle:lifecycle-process:2.4.1] AndroidManifest.xml:31:13-33:52
63                android:name="androidx.lifecycle.ProcessLifecycleInitializer"
63-->[androidx.lifecycle:lifecycle-process:2.4.1] AndroidManifest.xml:32:17-78
64                android:value="androidx.startup" />
64-->[androidx.lifecycle:lifecycle-process:2.4.1] AndroidManifest.xml:33:17-49
65        </provider>
66    </application>
67
68</manifest>